<?xml version="1.0" encoding="UTF-8"?>
<!-- Generated by org.testng.reporters.JUnitReportReporter -->
<testsuite hostname="Pradnya-Nandrekar" failures="0" tests="1" name="Maven_Project1.package1.TestNG_Launch_Facebook" time="4.037" errors="0" timestamp="2024-10-28T00:38:30 IST" skipped="0">
  <testcase classname="Maven_Project1.package1.TestNG_Launch_Facebook" name="launch" time="4.037"/>
  <system-out/>
</testsuite> <!-- Maven_Project1.package1.TestNG_Launch_Facebook -->
