<?xml version="1.0" encoding="UTF-8"?>
<!-- Generated by org.testng.reporters.JUnitReportReporter -->
<testsuite hostname="Pradnya-Nandrekar" failures="0" tests="4" name="Maven_Project1.package1.Reverse_String" time="0.032" errors="0" timestamp="2024-11-04T18:48:45 IST" skipped="0">
  <testcase classname="Maven_Project1.package1.Reverse_String" name="test1" time="0.003"/>
  <system-out/>
  <testcase classname="Maven_Project1.package1.Reverse_String" name="test1" time="0.006"/>
  <system-out/>
  <testcase classname="Maven_Project1.package1.Reverse_String" name="test1" time="0.021"/>
  <system-out/>
  <testcase classname="Maven_Project1.package1.Reverse_String" name="test1" time="0.002"/>
  <system-out/>
</testsuite> <!-- Maven_Project1.package1.Reverse_String -->
