<?xml version="1.0" encoding="UTF-8"?>
<!-- Generated by org.testng.reporters.JUnitReportReporter -->
<testsuite hostname="Pradnya-Nandrekar" failures="0" tests="1" name="test_amzn.TestCase3" time="44.091" errors="0" timestamp="2024-11-08T20:44:42 IST" skipped="0">
  <testcase classname="test_amzn.TestCase3" name="Search_Product" time="44.091"/>
  <system-out/>
</testsuite> <!-- test_amzn.TestCase3 -->
