<?xml version="1.0" encoding="UTF-8"?>
<!-- Generated by org.testng.reporters.JUnitReportReporter -->
<testsuite hostname="Pradnya-Nandrekar" failures="0" tests="1" name="Maven_Project1.package1.Implicit_Wait_practice" time="15.411" errors="0" timestamp="2024-10-30T21:15:37 IST" skipped="0">
  <testcase classname="Maven_Project1.package1.Implicit_Wait_practice" name="launch" time="15.411"/>
  <system-out/>
</testsuite> <!-- Maven_Project1.package1.Implicit_Wait_practice -->
