<?xml version="1.0" encoding="UTF-8"?>
<!-- Generated by org.testng.reporters.JUnitReportReporter -->
<testsuite hostname="Pradnya-Nandrekar" failures="0" tests="1" name="test_amzn.TestCase05" time="45.223" errors="0" timestamp="2024-11-10T16:48:13 IST" skipped="0">
  <testcase classname="test_amzn.TestCase05" name="Login_To_Amazon_Search_WishList_Cart_Remove_From_Cart_WIshList_LogOut" time="45.223"/>
  <system-out/>
</testsuite> <!-- test_amzn.TestCase05 -->
