<?xml version="1.0" encoding="UTF-8"?>
<!-- Generated by org.testng.reporters.JUnitReportReporter -->
<testsuite hostname="Pradnya-Nandrekar" failures="0" tests="1" name="test_amzn.TestCase03" time="32.746" errors="0" timestamp="2024-11-10T18:03:57 IST" skipped="0">
  <testcase classname="test_amzn.TestCase03" name="Login_To_Amazon_Search_WishList_LogOut" time="32.746"/>
  <system-out>
    <![CDATA[----------Product added SuccessFully to WishList----------
----------Sign Out SuccessFully----------]]>
  </system-out>
</testsuite> <!-- test_amzn.TestCase03 -->
