<?xml version="1.0" encoding="UTF-8"?>
<!-- Generated by org.testng.reporters.JUnitReportReporter -->
<testsuite hostname="Pradnya-Nandrekar" failures="0" tests="1" name="Maven_Project1.package1.ExplicitWait_Practice" time="4.354" errors="0" timestamp="2024-11-04T21:20:36 IST" skipped="0">
  <testcase classname="Maven_Project1.package1.ExplicitWait_Practice" name="method1" time="4.354"/>
  <system-out/>
</testsuite> <!-- Maven_Project1.package1.ExplicitWait_Practice -->
